<?xml version="1.0" encoding="UTF-8"?>
<testsuite name="com.example.marketplace.controller.OrderControllerTest" tests="1" skipped="0" failures="0" errors="0" timestamp="2025-04-11T12:56:18.885Z" hostname="MacBook-Air-Egor-2.local" time="0.095">
  <properties/>
  <testcase name="createOrder_ShouldReturnCreated()" classname="com.example.marketplace.controller.OrderControllerTest" time="0.095"/>
  <system-out><![CDATA[15:56:17.835 [Test worker] INFO org.springframework.test.context.support.AnnotationConfigContextLoaderUtils -- Could not detect default configuration classes for test class [com.example.marketplace.controller.OrderControllerTest]: OrderControllerTest does not declare any static, non-private, non-final, nested classes annotated with @Configuration.
15:56:17.896 [Test worker] INFO org.springframework.boot.test.context.SpringBootTestContextBootstrapper -- Found @SpringBootConfiguration com.example.marketplace.MarketplaceApplication for test class com.example.marketplace.controller.OrderControllerTest

  .   ____          _            __ _ _
 /\\ / ___'_ __ _ _(_)_ __  __ _ \ \ \ \
( ( )\___ | '_ | '_| | '_ \/ _` | \ \ \ \
 \\/  ___)| |_)| | | | | || (_| |  ) ) ) )
  '  |____| .__|_| |_|_| |_\__, | / / / /
 =========|_|==============|___/=/_/_/_/
 :: Spring Boot ::                (v3.2.0)

2025-04-11T15:56:18.026+03:00  INFO 16681 --- [    Test worker] c.e.m.controller.OrderControllerTest     : Starting OrderControllerTest using Java 21.0.4 with PID 16681 (started by egor in /Users/egor/Desktop/proj9/e.drobyazko)
2025-04-11T15:56:18.027+03:00  INFO 16681 --- [    Test worker] c.e.m.controller.OrderControllerTest     : No active profile set, falling back to 1 default profile: "default"
2025-04-11T15:56:18.868+03:00  INFO 16681 --- [    Test worker] o.s.b.t.m.w.SpringBootMockServletContext : Initializing Spring TestDispatcherServlet ''
2025-04-11T15:56:18.868+03:00  INFO 16681 --- [    Test worker] o.s.t.web.servlet.TestDispatcherServlet  : Initializing Servlet ''
2025-04-11T15:56:18.869+03:00  INFO 16681 --- [    Test worker] o.s.t.web.servlet.TestDispatcherServlet  : Completed initialization in 0 ms
2025-04-11T15:56:18.881+03:00  INFO 16681 --- [    Test worker] c.e.m.controller.OrderControllerTest     : Started OrderControllerTest in 0.955 seconds (process running for 1.445)
]]></system-out>
  <system-err><![CDATA[WARNING: A Java agent has been loaded dynamically (/Users/egor/.gradle/caches/modules-2/files-2.1/net.bytebuddy/byte-buddy-agent/1.14.10/90ed94ac044ea8953b224304c762316e91fd6b31/byte-buddy-agent-1.14.10.jar)
WARNING: If a serviceability tool is in use, please run with -XX:+EnableDynamicAgentLoading to hide this warning
WARNING: If a serviceability tool is not in use, please run with -Djdk.instrument.traceUsage for more information
WARNING: Dynamic loading of agents will be disallowed by default in a future release
]]></system-err>
</testsuite>
